This is pdfTeX, Version 3.1415926-2.5-1.40.14 (MiKTeX 2.9) (preloaded format=pdftex 2015.7.24)  24 JUL 2015 22:15
entering extended mode
**P:/Desktop/Advanced*R/Exercises-Output.pdf
("P:/Desktop/Advanced R/Exercises-Output.pdf"
P:/Desktop/Advanced R/Exercises-Output.pdf:4: You can't use `macro parameter ch
aracter #' in vertical mode
Sorry, but I'm not programmed to handle this case;
I'll just pretend that you didn't ask for it.
If you're in the wrong mode, you might be able to
return to the right one by typing `I}' or `I$' or `I\par'.


P:/Desktop/Advanced R/Exercises-Output.pdf:4: You can't use `macro parameter ch
aracter #' in vertical mode
Sorry, but I'm not programmed to handle this case;
I'll just pretend that you didn't ask for it.
If you're in the wrong mode, you might be able to
return to the right one by typing `I}' or `I$' or `I\par'.


P:/Desktop/Advanced R/Exercises-Output.pdf:4: You can't use `macro parameter ch
aracter #' in vertical mode
Sorry, but I'm not programmed to handle this case;
I'll just pretend that you didn't ask for it.
If you're in the wrong mode, you might be able to
return to the right one by typing `I}' or `I$' or `I\par'.


P:/Desktop/Advanced R/Exercises-Output.pdf:4: You can't use `macro parameter ch
aracter #' in vertical mode
Sorry, but I'm not programmed to handle this case;
I'll just pretend that you didn't ask for it.
If you're in the wrong mode, you might be able to
return to the right one by typing `I}' or `I$' or `I\par'.


P:/Desktop/Advanced R/Exercises-Output.pdf:8: You can't use `macro parameter ch
aracter #' in vertical mode
Sorry, but I'm not programmed to handle this case;
I'll just pretend that you didn't ask for it.
If you're in the wrong mode, you might be able to
return to the right one by typing `I}' or `I$' or `I\par'.


P:/Desktop/Advanced R/Exercises-Output.pdf:8: You can't use `macro parameter ch
aracter #' in vertical mode
Sorry, but I'm not programmed to handle this case;
I'll just pretend that you didn't ask for it.
If you're in the wrong mode, you might be able to
return to the right one by typing `I}' or `I$' or `I\par'.


P:/Desktop/Advanced R/Exercises-Output.pdf:8: You can't use `macro parameter ch
aracter #' in vertical mode
Sorry, but I'm not programmed to handle this case;
I'll just pretend that you didn't ask for it.
If you're in the wrong mode, you might be able to
return to the right one by typing `I}' or `I$' or `I\par'.


P:/Desktop/Advanced R/Exercises-Output.pdf:33: Missing $ inserted
I've inserted a begin-math/end-math symbol since I think
you left one out. Proceed, with fingers crossed.


P:/Desktop/Advanced R/Exercises-Output.pdf:34: Missing $ inserted
I've inserted a begin-math/end-math symbol since I think
you left one out. Proceed, with fingers crossed.


P:/Desktop/Advanced R/Exercises-Output.pdf:35: You can't use `macro parameter c
haracter #' in vertical mode
Sorry, but I'm not programmed to handle this case;
I'll just pretend that you didn't ask for it.
If you're in the wrong mode, you might be able to
return to the right one by typing `I}' or `I$' or `I\par'.


P:/Desktop/Advanced R/Exercises-Output.pdf:35: You can't use `macro parameter c
haracter #' in vertical mode
Sorry, but I'm not programmed to handle this case;
I'll just pretend that you didn't ask for it.
If you're in the wrong mode, you might be able to
return to the right one by typing `I}' or `I$' or `I\par'.


P:/Desktop/Advanced R/Exercises-Output.pdf:35: You can't use `macro parameter c
haracter #' in vertical mode
Sorry, but I'm not programmed to handle this case;
I'll just pretend that you didn't ask for it.
If you're in the wrong mode, you might be able to
return to the right one by typing `I}' or `I$' or `I\par'.


P:/Desktop/Advanced R/Exercises-Output.pdf:45: You can't use `macro parameter c
haracter #' in horizontal mode
Sorry, but I'm not programmed to handle this case;
I'll just pretend that you didn't ask for it.
If you're in the wrong mode, you might be able to
return to the right one by typing `I}' or `I$' or `I\par'.


P:/Desktop/Advanced R/Exercises-Output.pdf:45: You can't use `macro parameter c
haracter #' in horizontal mode
Sorry, but I'm not programmed to handle this case;
I'll just pretend that you didn't ask for it.
If you're in the wrong mode, you might be able to
return to the right one by typing `I}' or `I$' or `I\par'.


P:/Desktop/Advanced R/Exercises-Output.pdf:50: Undefined control sequence
The control sequence at the end of the top line
of your error message was never \def'ed. If you have
misspelled it (e.g., `\hobx'), type `I' and the correct
spelling (e.g., `I\hbox'). Otherwise just continue,
and I'll forget about whatever was undefined.


P:/Desktop/Advanced R/Exercises-Output.pdf:69: You can't use `macro parameter c
haracter #' in vertical mode
Sorry, but I'm not programmed to handle this case;
I'll just pretend that you didn't ask for it.
If you're in the wrong mode, you might be able to
return to the right one by typing `I}' or `I$' or `I\par'.


P:/Desktop/Advanced R/Exercises-Output.pdf:69: You can't use `macro parameter c
haracter #' in vertical mode
Sorry, but I'm not programmed to handle this case;
I'll just pretend that you didn't ask for it.
If you're in the wrong mode, you might be able to
return to the right one by typing `I}' or `I$' or `I\par'.


P:/Desktop/Advanced R/Exercises-Output.pdf:69: You can't use `macro parameter c
haracter #' in vertical mode
Sorry, but I'm not programmed to handle this case;
I'll just pretend that you didn't ask for it.
If you're in the wrong mode, you might be able to
return to the right one by typing `I}' or `I$' or `I\par'.


P:/Desktop/Advanced R/Exercises-Output.pdf:85: You can't use `macro parameter c
haracter #' in vertical mode
Sorry, but I'm not programmed to handle this case;
I'll just pretend that you didn't ask for it.
If you're in the wrong mode, you might be able to
return to the right one by typing `I}' or `I$' or `I\par'.


P:/Desktop/Advanced R/Exercises-Output.pdf:85: You can't use `macro parameter c
haracter #' in vertical mode
Sorry, but I'm not programmed to handle this case;
I'll just pretend that you didn't ask for it.
If you're in the wrong mode, you might be able to
return to the right one by typing `I}' or `I$' or `I\par'.


P:/Desktop/Advanced R/Exercises-Output.pdf:85: You can't use `macro parameter c
haracter #' in vertical mode
Sorry, but I'm not programmed to handle this case;
I'll just pretend that you didn't ask for it.
If you're in the wrong mode, you might be able to
return to the right one by typing `I}' or `I$' or `I\par'.


P:/Desktop/Advanced R/Exercises-Output.pdf:97: You can't use `macro parameter c
haracter #' in vertical mode
Sorry, but I'm not programmed to handle this case;
I'll just pretend that you didn't ask for it.
If you're in the wrong mode, you might be able to
return to the right one by typing `I}' or `I$' or `I\par'.


P:/Desktop/Advanced R/Exercises-Output.pdf:97: You can't use `macro parameter c
haracter #' in vertical mode
Sorry, but I'm not programmed to handle this case;
I'll just pretend that you didn't ask for it.
If you're in the wrong mode, you might be able to
return to the right one by typing `I}' or `I$' or `I\par'.


P:/Desktop/Advanced R/Exercises-Output.pdf:97: You can't use `macro parameter c
haracter #' in vertical mode
Sorry, but I'm not programmed to handle this case;
I'll just pretend that you didn't ask for it.
If you're in the wrong mode, you might be able to
return to the right one by typing `I}' or `I$' or `I\par'.


P:/Desktop/Advanced R/Exercises-Output.pdf:97: You can't use `macro parameter c
haracter #' in vertical mode
Sorry, but I'm not programmed to handle this case;
I'll just pretend that you didn't ask for it.
If you're in the wrong mode, you might be able to
return to the right one by typing `I}' or `I$' or `I\par'.


P:/Desktop/Advanced R/Exercises-Output.pdf:101: You can't use `macro parameter 
character #' in vertical mode
Sorry, but I'm not programmed to handle this case;
I'll just pretend that you didn't ask for it.
If you're in the wrong mode, you might be able to
return to the right one by typing `I}' or `I$' or `I\par'.


P:/Desktop/Advanced R/Exercises-Output.pdf:101: You can't use `macro parameter 
character #' in vertical mode
Sorry, but I'm not programmed to handle this case;
I'll just pretend that you didn't ask for it.
If you're in the wrong mode, you might be able to
return to the right one by typing `I}' or `I$' or `I\par'.


P:/Desktop/Advanced R/Exercises-Output.pdf:101: You can't use `macro parameter 
character #' in vertical mode
Sorry, but I'm not programmed to handle this case;
I'll just pretend that you didn't ask for it.
If you're in the wrong mode, you might be able to
return to the right one by typing `I}' or `I$' or `I\par'.


P:/Desktop/Advanced R/Exercises-Output.pdf:112: Missing $ inserted
I've inserted a begin-math/end-math symbol since I think
you left one out. Proceed, with fingers crossed.


P:/Desktop/Advanced R/Exercises-Output.pdf:114: Missing $ inserted
I've inserted a begin-math/end-math symbol since I think
you left one out. Proceed, with fingers crossed.


P:/Desktop/Advanced R/Exercises-Output.pdf:115: Missing $ inserted
I've inserted a begin-math/end-math symbol since I think
you left one out. Proceed, with fingers crossed.


P:/Desktop/Advanced R/Exercises-Output.pdf:133: You can't use `macro parameter 
character #' in vertical mode
Sorry, but I'm not programmed to handle this case;
I'll just pretend that you didn't ask for it.
If you're in the wrong mode, you might be able to
return to the right one by typing `I}' or `I$' or `I\par'.


P:/Desktop/Advanced R/Exercises-Output.pdf:133: You can't use `macro parameter 
character #' in vertical mode
Sorry, but I'm not programmed to handle this case;
I'll just pretend that you didn't ask for it.
If you're in the wrong mode, you might be able to
return to the right one by typing `I}' or `I$' or `I\par'.


P:/Desktop/Advanced R/Exercises-Output.pdf:133: You can't use `macro parameter 
character #' in vertical mode
Sorry, but I'm not programmed to handle this case;
I'll just pretend that you didn't ask for it.
If you're in the wrong mode, you might be able to
return to the right one by typing `I}' or `I$' or `I\par'.


P:/Desktop/Advanced R/Exercises-Output.pdf:141: You can't use `macro parameter 
character #' in vertical mode
Sorry, but I'm not programmed to handle this case;
I'll just pretend that you didn't ask for it.
If you're in the wrong mode, you might be able to
return to the right one by typing `I}' or `I$' or `I\par'.


P:/Desktop/Advanced R/Exercises-Output.pdf:141: You can't use `macro parameter 
character #' in vertical mode
Sorry, but I'm not programmed to handle this case;
I'll just pretend that you didn't ask for it.
If you're in the wrong mode, you might be able to
return to the right one by typing `I}' or `I$' or `I\par'.


P:/Desktop/Advanced R/Exercises-Output.pdf:141: You can't use `macro parameter 
character #' in vertical mode
Sorry, but I'm not programmed to handle this case;
I'll just pretend that you didn't ask for it.
If you're in the wrong mode, you might be able to
return to the right one by typing `I}' or `I$' or `I\par'.


P:/Desktop/Advanced R/Exercises-Output.pdf:156: You can't use `macro parameter 
character #' in vertical mode
Sorry, but I'm not programmed to handle this case;
I'll just pretend that you didn't ask for it.
If you're in the wrong mode, you might be able to
return to the right one by typing `I}' or `I$' or `I\par'.


P:/Desktop/Advanced R/Exercises-Output.pdf:156: You can't use `macro parameter 
character #' in vertical mode
Sorry, but I'm not programmed to handle this case;
I'll just pretend that you didn't ask for it.
If you're in the wrong mode, you might be able to
return to the right one by typing `I}' or `I$' or `I\par'.


P:/Desktop/Advanced R/Exercises-Output.pdf:156: You can't use `macro parameter 
character #' in vertical mode
Sorry, but I'm not programmed to handle this case;
I'll just pretend that you didn't ask for it.
If you're in the wrong mode, you might be able to
return to the right one by typing `I}' or `I$' or `I\par'.


P:/Desktop/Advanced R/Exercises-Output.pdf:156: You can't use `macro parameter 
character #' in vertical mode
Sorry, but I'm not programmed to handle this case;
I'll just pretend that you didn't ask for it.
If you're in the wrong mode, you might be able to
return to the right one by typing `I}' or `I$' or `I\par'.


P:/Desktop/Advanced R/Exercises-Output.pdf:160: You can't use `macro parameter 
character #' in vertical mode
Sorry, but I'm not programmed to handle this case;
I'll just pretend that you didn't ask for it.
If you're in the wrong mode, you might be able to
return to the right one by typing `I}' or `I$' or `I\par'.


P:/Desktop/Advanced R/Exercises-Output.pdf:160: You can't use `macro parameter 
character #' in vertical mode
Sorry, but I'm not programmed to handle this case;
I'll just pretend that you didn't ask for it.
If you're in the wrong mode, you might be able to
return to the right one by typing `I}' or `I$' or `I\par'.


P:/Desktop/Advanced R/Exercises-Output.pdf:160: You can't use `macro parameter 
character #' in vertical mode
Sorry, but I'm not programmed to handle this case;
I'll just pretend that you didn't ask for it.
If you're in the wrong mode, you might be able to
return to the right one by typing `I}' or `I$' or `I\par'.

 [1{C:/ProgramData/MiKTeX/2.9/pdftex/config/pdftex.map}])
! Emergency stop
*** (job aborted, no legal \end found)

!  ==> Fatal error occurred, no output PDF file produced!
